<?xml version="1.0" encoding="UTF-8"?>
<!-- Generated by org.testng.reporters.JUnitXMLReporter -->
<testsuite ignored="0" hostname="CP34N63" failures="0" tests="5" name="/home/shaiA/Desktop/Amazon_Assigment_Selenium" time="30.238" errors="0" timestamp="2023-01-25T12:38:01 IST">
  <testcase classname="com.selenium.TestBeforeLogin" name="goToTodaysDeal" time="2.626"/>
  <testcase classname="com.selenium.TestBeforeLogin" name="thirdItemInDeals" time="6.489"/>
  <testcase classname="com.selenium.TestBeforeLogin" name="SendItemToCartWithMinQty" time="6.947"/>
  <testcase classname="com.selenium.TestBeforeLogin" name="Mobiles" time="4.357"/>
  <testcase classname="com.selenium.TestBeforeLogin" name="navigateLeftNavToMainMenu" time="2.709"/>
</testsuite> <!-- /home/shaiA/Desktop/Amazon_Assigment_Selenium -->
