<?xml version="1.0" encoding="UTF-8"?>
<!-- Generated by org.testng.reporters.JUnitXMLReporter -->
<testsuite ignored="0" hostname="CP34N63" failures="0" tests="5" name="Amazon_Assigment_in_Selenium" time="30.571" errors="0" timestamp="2023-02-01T16:40:32 IST">
  <testcase classname="com.selenium.TestBeforeLogin" name="goToTodaysDeal" time="2.243"/>
  <testcase classname="com.selenium.TestBeforeLogin" name="thirdItemInDeals" time="9.601"/>
  <testcase classname="com.selenium.TestBeforeLogin" name="SendItemToCartWithMinQty" time="6.134"/>
  <testcase classname="com.selenium.TestBeforeLogin" name="Mobiles" time="3.559"/>
  <testcase classname="com.selenium.TestBeforeLogin" name="navigateLeftNavToMainMenu" time="2.155"/>
</testsuite> <!-- Amazon_Assigment_in_Selenium -->
