<?xml version="1.0" encoding="UTF-8"?>
<!-- Generated by org.testng.reporters.JUnitXMLReporter -->
<testsuite ignored="0" hostname="CP34N63" failures="0" tests="4" name="Amazon_Assigment_in_Selenium" time="52.584" errors="0" timestamp="2023-01-31T11:34:08 IST">
  <testcase classname="com.selenium.TestAfterLogin" name="enablePrimeCheckBox" time="18.57"/>
  <testcase classname="com.selenium.TestAfterLogin" name="goToOrdersTab" time="13.144"/>
  <testcase classname="com.selenium.TestAfterLogin" name="addingDeliveryAddress" time="7.722"/>
  <testcase classname="com.selenium.TestAfterLogin" name="paymentOptions" time="5.172"/>
</testsuite> <!-- Amazon_Assigment_in_Selenium -->
