<?xml version="1.0" encoding="UTF-8"?>
<testng-results ignored="0" total="4" passed="4" failed="0" skipped="0">
  <reporter-output>
  </reporter-output>
  <suite started-at="2023-01-31T11:33:16 IST" name="All Test Suite" finished-at="2023-01-31T11:34:08 IST" duration-ms="52584">
    <groups>
    </groups>
    <test started-at="2023-01-31T11:33:16 IST" name="Amazon_Assigment_in_Selenium" finished-at="2023-01-31T11:34:08 IST" duration-ms="52584">
      <class name="com.selenium.TestAfterLogin">
        <test-method is-config="true" signature="installation(java.lang.String,java.lang.String,java.lang.String)[pri:0, instance:com.selenium.TestAfterLogin@23282c25]" started-at="2023-01-31T11:33:16 IST" name="installation" finished-at="2023-01-31T11:33:24 IST" duration-ms="7896" status="PASS">
          <params>
            <param index="0">
              <value>
                <![CDATA[https://www.amazon.in/]]>
              </value>
            </param>
            <param index="1">
              <value>
                <![CDATA[shaikarifa.asha@gmail.com]]>
              </value>
            </param>
            <param index="2">
              <value>
                <![CDATA[Arifa@786]]>
              </value>
            </param>
          </params>
          <reporter-output>
          </reporter-output>
        </test-method> <!-- installation -->
        <test-method signature="enablePrimeCheckBox()[pri:1, instance:com.selenium.TestAfterLogin@23282c25]" started-at="2023-01-31T11:33:24 IST" name="enablePrimeCheckBox" finished-at="2023-01-31T11:33:42 IST" duration-ms="18570" status="PASS">
          <reporter-output>
          </reporter-output>
        </test-method> <!-- enablePrimeCheckBox -->
        <test-method signature="goToOrdersTab(java.lang.String)[pri:2, instance:com.selenium.TestAfterLogin@23282c25]" started-at="2023-01-31T11:33:42 IST" name="goToOrdersTab" finished-at="2023-01-31T11:33:55 IST" duration-ms="13144" status="PASS">
          <params>
            <param index="0">
              <value>
                <![CDATA[2021]]>
              </value>
            </param>
          </params>
          <reporter-output>
          </reporter-output>
        </test-method> <!-- goToOrdersTab -->
        <test-method signature="addingDeliveryAddress()[pri:3, instance:com.selenium.TestAfterLogin@23282c25]" started-at="2023-01-31T11:33:55 IST" name="addingDeliveryAddress" finished-at="2023-01-31T11:34:03 IST" duration-ms="7722" status="PASS">
          <reporter-output>
          </reporter-output>
        </test-method> <!-- addingDeliveryAddress -->
        <test-method signature="paymentOptions()[pri:4, instance:com.selenium.TestAfterLogin@23282c25]" started-at="2023-01-31T11:34:03 IST" name="paymentOptions" finished-at="2023-01-31T11:34:08 IST" duration-ms="5172" status="PASS">
          <reporter-output>
          </reporter-output>
        </test-method> <!-- paymentOptions -->
      </class> <!-- com.selenium.TestAfterLogin -->
    </test> <!-- Amazon_Assigment_in_Selenium -->
  </suite> <!-- All Test Suite -->
</testng-results>
